***** campa単a seleccionada ******
id de campana: 10
El usuario tiene el id:1
hora de envio de sms de la campa単a:2022-09-28 22:56:32.164971
La campana no esta agendada 
Actualizando el estado de la campa単a a : 3 
Es una campana creada por agenda, el id de la agenda es: 21
La agenda cuenta con un numero de contactos igual a: 2
El usuario usa el channel: 1
El email del usuario es: mterrones.ra@gmail.com
*********** Inicio de envio de sms ******************
Sms 1 de 2
Enviando por el canal con id: 1
Enviando por el provider con id: 1
hora de envio de sms:2022-09-28 22:56:32.192828
datos del sms:
 {'credit': 1, 'is_push': 0, 'content': '15', 'phone': '987456123', 'status': 'DELIVERED', 'comment': '', 'response': '{"code":0,"mailingId":279958076364,"result":"Applied"}', 'message_id': 279958076364, 'payload': '"{\\"apiKey\\": \\"386\\", \\"country\\": \\"PE\\", \\"dial\\": 38383, \\"message\\": \\"15\\", \\"msisdns\\": [\\"51987456123\\"], \\"tag\\": \\"Desde ENVIAMAS v2\\", \\"mask\\": \\"BACKUS\\"}"', 'user_id': 1, 'campaign_id': 10, 'channel_id': 1, 'created_at': datetime.datetime(2022, 9, 28, 22, 56, 32, 192821), 'updated_at': datetime.datetime(2022, 9, 28, 22, 56, 32, 192826)}

Sms 2 de 2
Enviando por el canal con id: 1
Enviando por el provider con id: 1
hora de envio de sms:2022-09-28 22:56:32.203746
datos del sms:
 {'credit': 1, 'is_push': 0, 'content': '16', 'phone': '51945710290', 'status': 'DELIVERED', 'comment': '', 'response': '{"code":0,"mailingId":829555650206,"result":"Applied"}', 'message_id': 829555650206, 'payload': '"{\\"apiKey\\": \\"386\\", \\"country\\": \\"PE\\", \\"dial\\": 38383, \\"message\\": \\"16\\", \\"msisdns\\": [\\"5151945710290\\"], \\"tag\\": \\"Desde ENVIAMAS v2\\", \\"mask\\": \\"BACKUS\\"}"', 'user_id': 1, 'campaign_id': 10, 'channel_id': 1, 'created_at': datetime.datetime(2022, 9, 28, 22, 56, 32, 203741), 'updated_at': datetime.datetime(2022, 9, 28, 22, 56, 32, 203744)}

Actualizando el estado de la campa単a a : 1 